-------------------------------------------------------------------------------
Test set: com.tyeporter.regexci.AppTest
-------------------------------------------------------------------------------
Tests run: 5, Failures: 1, Errors: 0, Skipped: 0, Time elapsed: 0.051 s <<< FAILURE! - in com.tyeporter.regexci.AppTest
testForPeriod  Time elapsed: 0.011 s  <<< FAILURE!
org.opentest4j.AssertionFailedError: expected: <3> but was: <2>
	at com.tyeporter.regexci.AppTest.testForPeriod(AppTest.java:49)

